Determining if the pthread_create exist failed with the following output:
Change Dir: /home/younes/Musique/catkin_ws2/build/CMakeFiles/CMakeTmp

Run Build Command:"/usr/bin/make" "cmTC_71262/fast"
/usr/bin/make -f CMakeFiles/cmTC_71262.dir/build.make CMakeFiles/cmTC_71262.dir/build
make[1] : on entre dans le répertoire « /home/younes/Musique/catkin_ws2/build/CMakeFiles/CMakeTmp »
Building C object CMakeFiles/cmTC_71262.dir/CheckSymbolExists.c.o
/usr/bin/cc     -o CMakeFiles/cmTC_71262.dir/CheckSymbolExists.c.o   -c /home/younes/Musique/catkin_ws2/build/CMakeFiles/CMakeTmp/CheckSymbolExists.c
Linking C executable cmTC_71262
/usr/bin/cmake -E cmake_link_script CMakeFiles/cmTC_71262.dir/link.txt --verbose=1
/usr/bin/cc       CMakeFiles/cmTC_71262.dir/CheckSymbolExists.c.o  -o cmTC_71262 -rdynamic 
CMakeFiles/cmTC_71262.dir/CheckSymbolExists.c.o: dans la fonction « main »:
CheckSymbolExists.c:(.text+0x16): référence indéfinie vers « pthread_create »
collect2: error: ld returned 1 exit status
CMakeFiles/cmTC_71262.dir/build.make:97 : la recette pour la cible « cmTC_71262 » a échouée
make[1]: *** [cmTC_71262] Erreur 1
make[1] : on quitte le répertoire « /home/younes/Musique/catkin_ws2/build/CMakeFiles/CMakeTmp »
Makefile:126 : la recette pour la cible « cmTC_71262/fast » a échouée
make: *** [cmTC_71262/fast] Erreur 2

File /home/younes/Musique/catkin_ws2/build/CMakeFiles/CMakeTmp/CheckSymbolExists.c:
/* */
#include <pthread.h>

int main(int argc, char** argv)
{
  (void)argv;
#ifndef pthread_create
  return ((int*)(&pthread_create))[argc];
#else
  (void)argc;
  return 0;
#endif
}

Determining if the function pthread_create exists in the pthreads failed with the following output:
Change Dir: /home/younes/Musique/catkin_ws2/build/CMakeFiles/CMakeTmp

Run Build Command:"/usr/bin/make" "cmTC_2d77c/fast"
/usr/bin/make -f CMakeFiles/cmTC_2d77c.dir/build.make CMakeFiles/cmTC_2d77c.dir/build
make[1] : on entre dans le répertoire « /home/younes/Musique/catkin_ws2/build/CMakeFiles/CMakeTmp »
Building C object CMakeFiles/cmTC_2d77c.dir/CheckFunctionExists.c.o
/usr/bin/cc    -DCHECK_FUNCTION_EXISTS=pthread_create   -o CMakeFiles/cmTC_2d77c.dir/CheckFunctionExists.c.o   -c /usr/share/cmake-3.5/Modules/CheckFunctionExists.c
Linking C executable cmTC_2d77c
/usr/bin/cmake -E cmake_link_script CMakeFiles/cmTC_2d77c.dir/link.txt --verbose=1
/usr/bin/cc   -DCHECK_FUNCTION_EXISTS=pthread_create    CMakeFiles/cmTC_2d77c.dir/CheckFunctionExists.c.o  -o cmTC_2d77c -rdynamic -lpthreads 
/usr/bin/ld : ne peut trouver -lpthreads
collect2: error: ld returned 1 exit status
CMakeFiles/cmTC_2d77c.dir/build.make:97 : la recette pour la cible « cmTC_2d77c » a échouée
make[1]: *** [cmTC_2d77c] Erreur 1
make[1] : on quitte le répertoire « /home/younes/Musique/catkin_ws2/build/CMakeFiles/CMakeTmp »
Makefile:126 : la recette pour la cible « cmTC_2d77c/fast » a échouée
make: *** [cmTC_2d77c/fast] Erreur 2


